Added Component: Designator=U1(SD_MOD)
Add component. Clean all parameters for all variants
Add component (AddParameter): Name = "ComponentLink1Description"; Value = "Adafruit"; VariantName = "[No Variations]"
Add component (AddParameter): Name = "ComponentLink1URL"; Value = "https://learn.adafruit.com/adafruit-micro-sd-breakout-board-card-tutorial/download"; VariantName = "[No Variations]"
Added Component: Designator=U2(LORA_MOD)
Add component. Clean all parameters for all variants
Add component (AddParameter): Name = "ComponentLink1Description"; Value = "Adafruit"; VariantName = "[No Variations]"
Add component (AddParameter): Name = "ComponentLink1URL"; Value = "https://learn.adafruit.com/adafruit-rfm69hcw-and-rfm96-rfm95-rfm98-lora-packet-padio-breakouts/downloads"; VariantName = "[No Variations]"
Added Component: Designator=U3(Teensy 3.2)
Add component. Clean all parameters for all variants
Added Component: Designator=U4(RTC_MOD)
Add component. Clean all parameters for all variants
Add component (AddParameter): Name = "ComponentLink1Description"; Value = "Adafruit"; VariantName = "[No Variations]"
Add component (AddParameter): Name = "ComponentLink1URL"; Value = "https://learn.adafruit.com/adafruit-ds3231-precision-rtc-breakout/downloads"; VariantName = "[No Variations]"
Added Pin To Net: NetName=+5 Pin=U1-1
Added Pin To Net: NetName=+5 Pin=U2-1
Added Pin To Net: NetName=+5 Pin=U3-28
Added Pin To Net: NetName=+5 Pin=U4-1
Added Net: Name=+5
Added Pin To Net: NetName=D11 Pin=U3-13
Added Net: Name=D11
Added Pin To Net: NetName=D12 Pin=U3-14
Added Net: Name=D12
Added Pin To Net: NetName=D13 Pin=U3-15
Added Net: Name=D13
Added Pin To Net: NetName=GND Pin=U1-3
Added Pin To Net: NetName=GND Pin=U2-2
Added Pin To Net: NetName=GND Pin=U3-1
Added Pin To Net: NetName=GND Pin=U4-2
Added Net: Name=GND
Added Pin To Net: NetName=RX2 Pin=U3-11
Added Net: Name=RX2
Added Pin To Net: NetName=RX3 Pin=U3-9
Added Net: Name=RX3
Added Pin To Net: NetName=SCL0 Pin=U3-21
Added Pin To Net: NetName=SCL0 Pin=U4-3
Added Net: Name=SCL0
Added Pin To Net: NetName=SDA0 Pin=U3-20
Added Pin To Net: NetName=SDA0 Pin=U4-4
Added Net: Name=SDA0
Added Pin To Net: NetName=TX2 Pin=U3-12
Added Net: Name=TX2
Added Pin To Net: NetName=TX3 Pin=U3-10
Added Net: Name=TX3
Added Class: Name=NodeBoard
Added Room: Name=NodeBoard
