Removed Pin From Net: NetName=+5 Pin=U1-1
Removed Pin From Net: NetName=GND Pin=U1-3
Removed Pin From Net: NetName=GND Pin=U3-1
Removed Pin From Net: NetName=RX3 Pin=U3-9
Removed Pin From Net: NetName=TX3 Pin=U3-10
Removed Pin From Net: NetName=RX2 Pin=U3-11
Removed Pin From Net: NetName=TX2 Pin=U3-12
Removed Pin From Net: NetName=D11 Pin=U3-13
Removed Pin From Net: NetName=D12 Pin=U3-14
Removed Pin From Net: NetName=D13 Pin=U3-15
Removed Pin From Net: NetName=SDA0 Pin=U3-20
Removed Pin From Net: NetName=SCL0 Pin=U3-21
Removed Pin From Net: NetName=+5 Pin=U3-28
Removed Member From Class: ClassName=NodeBoard Member=U3
Change Component Footprint: Designator=U1 Old Footprint=SD_MOD New Footprint=Teensy 3.6
Change Component Comment : Designator=U1 Old Comment=Real Time Clock Adafruit Module New Comment=Teensy 3.6
Change component parameters: Designator = "U1"; Footprint = "Teensy 3.6"; UniqueID = "\CSYABHEE"
Change component parameters. Clean all parameters for all variants
Added Pin To Net: NetName=GND Pin=U1-1
Added Pin To Net: NetName=RX3 Pin=U1-9
Added Pin To Net: NetName=TX3 Pin=U1-10
Added Pin To Net: NetName=RX2 Pin=U1-11
Added Pin To Net: NetName=TX2 Pin=U1-12
Added Pin To Net: NetName=D11 Pin=U1-13
Added Pin To Net: NetName=D12 Pin=U1-14
Added Pin To Net: NetName=SDA0 Pin=U1-39
Added Pin To Net: NetName=SCL0 Pin=U1-40
Added Pin To Net: NetName=+5 Pin=U1-47
Added Pin To Net: NetName=D13 Pin=U1-48
Added Room: Name=NodeBoard
