Removed Pin From Net: NetName=+3V3 Pin=U2-16
Change Component Footprint: Designator=J6 Old Footprint=Terminal block 4 position New Footprint=Terminal block 3 position
Change Component Footprint: Designator=J7 Old Footprint=Terminal block 4 position New Footprint=Terminal block 3 position
Change Component Comment : Designator=J6 Old Comment=TERM BLOCK PCB 4POS 3.5MM GREEN New Comment=TERM BLOCK PCB 3POS 3.5MM GREEN
Change Component Comment : Designator=J7 Old Comment=TERM BLOCK PCB 4POS 3.5MM GREEN New Comment=TERM BLOCK PCB 3POS 3.5MM GREEN
Change component parameters: Designator = "J6"; Footprint = "Terminal block 3 position"; UniqueID = "\EQMKLRPC"
Change component parameters. Clean all parameters for all variants
Change component parameters (AddParameter): Name = "Approvals"; Value = "UL,VDE"; VariantName = "[No Variations]"
Change component parameters (AddParameter): Name = "Colour"; Value = "Green"; VariantName = "[No Variations]"
Change component parameters (AddParameter): Name = "ComponentLink1Description"; Value = "https://media.digikey.com/pdf/Data%20Sheets/Phoenix%20Contact%20PDFs/COMBICON%20Spring-Cage%20PCB%20Term.%20Blocks.pdf"; VariantName = "[No Variations]"
Change component parameters (AddParameter): Name = "ComponentLink1URL"; Value = "https://media.digikey.com/pdf/Data%20Sheets/Phoenix%20Contact%20PDFs/COMBICON%20Spring-Cage%20PCB%20Term.%20Blocks.pdf"; VariantName = "[No Variations]"
Change component parameters (AddParameter): Name = "ComponentLink2Description"; Value = "https://www.verical.com/server-webapp/html/getDatasheet?partID=743520"; VariantName = "[No Variations]"
Change component parameters (AddParameter): Name = "ComponentLink2URL"; Value = "https://www.verical.com/server-webapp/html/getDatasheet?partID=743520"; VariantName = "[No Variations]"
Change component parameters (AddParameter): Name = "ComponentLink3Description"; Value = "https://www.alliedelec.com/m/d/46afd96412b1b8fa400ea99294e4d68a.pdf"; VariantName = "[No Variations]"
Change component parameters (AddParameter): Name = "ComponentLink3URL"; Value = "https://www.alliedelec.com/m/d/46afd96412b1b8fa400ea99294e4d68a.pdf"; VariantName = "[No Variations]"
Change component parameters (AddParameter): Name = "Contact Material"; Value = "Tin"; VariantName = "[No Variations]"
Change component parameters (AddParameter): Name = "Current"; Value = "2A"; VariantName = "[No Variations]"
Change component parameters (AddParameter): Name = "Current Rating"; Value = "2A"; VariantName = "[No Variations]"
Change component parameters (AddParameter): Name = "Depth"; Value = "12mm"; VariantName = "[No Variations]"
Change component parameters (AddParameter): Name = "Flammability Rating"; Value = "UL94 V-2"; VariantName = "[No Variations]"
Change component parameters (AddParameter): Name = "Height"; Value = "13.1mm"; VariantName = "[No Variations]"
Change component parameters (AddParameter): Name = "Housing Colour"; Value = "Green"; VariantName = "[No Variations]"
Change component parameters (AddParameter): Name = "Housing Material"; Value = "Polyamide"; VariantName = "[No Variations]"
Change component parameters (AddParameter): Name = "Insulation Material"; Value = "Nylon"; VariantName = "[No Variations]"
Change component parameters (AddParameter): Name = "Lead Free"; Value = "Lead Free"; VariantName = "[No Variations]"
Change component parameters (AddParameter): Name = "Length"; Value = "12mm"; VariantName = "[No Variations]"
Change component parameters (AddParameter): Name = "Manufacturer"; Value = "Phoenix Contact"; VariantName = "[No Variations]"
Change component parameters (AddParameter): Name = "Manufacturer Part Number"; Value = "1985205"; VariantName = "[No Variations]"
Change component parameters (AddParameter): Name = "Material"; Value = "Nylon"; VariantName = "[No Variations]"
Change component parameters (AddParameter): Name = "Max Current Rating"; Value = "2A"; VariantName = "[No Variations]"
Change component parameters (AddParameter): Name = "Max Supply Voltage"; Value = "250V"; VariantName = "[No Variations]"
Change component parameters (AddParameter): Name = "Mount"; Value = "Through Hole"; VariantName = "[No Variations]"
Change component parameters (AddParameter): Name = "Number of Circuits"; Value = "3"; VariantName = "[No Variations]"
Change component parameters (AddParameter): Name = "Number of Contacts"; Value = "3"; VariantName = "[No Variations]"
Change component parameters (AddParameter): Name = "Number of Levels"; Value = "1"; VariantName = "[No Variations]"
Change component parameters (AddParameter): Name = "Number of Pins"; Value = "3"; VariantName = "[No Variations]"
Change component parameters (AddParameter): Name = "Number of Poles"; Value = "3"; VariantName = "[No Variations]"
Change component parameters (AddParameter): Name = "Number of Positions"; Value = "3"; VariantName = "[No Variations]"
Change component parameters (AddParameter): Name = "Number of Positions Per Level"; Value = "3"; VariantName = "[No Variations]"
Change component parameters (AddParameter): Name = "Number of Rows"; Value = "1"; VariantName = "[No Variations]"
Change component parameters (AddParameter): Name = "Package Quantity"; Value = "250"; VariantName = "[No Variations]"
Change component parameters (AddParameter): Name = "Packaging"; Value = "Bulk"; VariantName = "[No Variations]"
Change component parameters (AddParameter): Name = "Pitch"; Value = "3.5mm"; VariantName = "[No Variations]"
Change component parameters (AddParameter): Name = "Pricing 1"; Value = "1=0.41, 10=0.391, 50=0.374, 100=0.3638, 250=0.34, 500=0.3128, 1000=0.289 (USD)"; VariantName = "[No Variations]"
Change component parameters (AddParameter): Name = "Radiation Hardening"; Value = "No"; VariantName = "[No Variations]"
Change component parameters (AddParameter): Name = "Stock 1"; Value = "12841"; VariantName = "[No Variations]"
Change component parameters (AddParameter): Name = "Stripping Length"; Value = "8mm"; VariantName = "[No Variations]"
Change component parameters (AddParameter): Name = "Supplier 1"; Value = "Digi-Key"; VariantName = "[No Variations]"
Change component parameters (AddParameter): Name = "Supplier Part Number 1"; Value = "277-1623-ND"; VariantName = "[No Variations]"
Change component parameters (AddParameter): Name = "Termination"; Value = "Solder"; VariantName = "[No Variations]"
Change component parameters (AddParameter): Name = "Voltage"; Value = "300V"; VariantName = "[No Variations]"
Change component parameters (AddParameter): Name = "Voltage Rating"; Value = "250V"; VariantName = "[No Variations]"
Change component parameters (AddParameter): Name = "Weight"; Value = "0.054322oz"; VariantName = "[No Variations]"
Change component parameters (AddParameter): Name = "Width"; Value = "16.7mm"; VariantName = "[No Variations]"
Change component parameters (AddParameter): Name = "Wire/Cable Gauge"; Value = "16AWG"; VariantName = "[No Variations]"
Change component parameters (AddParameter): Name = "Wire Gauge (Max)"; Value = "24AWG"; VariantName = "[No Variations]"
Change component parameters (AddParameter): Name = "Wire Gauge (Min)"; Value = "16AWG"; VariantName = "[No Variations]"
Change component parameters: Designator = "J7"; Footprint = "Terminal block 3 position"; UniqueID = "\CALFCTNW"
Change component parameters. Clean all parameters for all variants
Change component parameters (AddParameter): Name = "Approvals"; Value = "UL,VDE"; VariantName = "[No Variations]"
Change component parameters (AddParameter): Name = "Colour"; Value = "Green"; VariantName = "[No Variations]"
Change component parameters (AddParameter): Name = "ComponentLink1Description"; Value = "https://media.digikey.com/pdf/Data%20Sheets/Phoenix%20Contact%20PDFs/COMBICON%20Spring-Cage%20PCB%20Term.%20Blocks.pdf"; VariantName = "[No Variations]"
Change component parameters (AddParameter): Name = "ComponentLink1URL"; Value = "https://media.digikey.com/pdf/Data%20Sheets/Phoenix%20Contact%20PDFs/COMBICON%20Spring-Cage%20PCB%20Term.%20Blocks.pdf"; VariantName = "[No Variations]"
Change component parameters (AddParameter): Name = "ComponentLink2Description"; Value = "https://www.verical.com/server-webapp/html/getDatasheet?partID=743520"; VariantName = "[No Variations]"
Change component parameters (AddParameter): Name = "ComponentLink2URL"; Value = "https://www.verical.com/server-webapp/html/getDatasheet?partID=743520"; VariantName = "[No Variations]"
Change component parameters (AddParameter): Name = "ComponentLink3Description"; Value = "https://www.alliedelec.com/m/d/46afd96412b1b8fa400ea99294e4d68a.pdf"; VariantName = "[No Variations]"
Change component parameters (AddParameter): Name = "ComponentLink3URL"; Value = "https://www.alliedelec.com/m/d/46afd96412b1b8fa400ea99294e4d68a.pdf"; VariantName = "[No Variations]"
Change component parameters (AddParameter): Name = "Contact Material"; Value = "Tin"; VariantName = "[No Variations]"
Change component parameters (AddParameter): Name = "Current"; Value = "2A"; VariantName = "[No Variations]"
Change component parameters (AddParameter): Name = "Current Rating"; Value = "2A"; VariantName = "[No Variations]"
Change component parameters (AddParameter): Name = "Depth"; Value = "12mm"; VariantName = "[No Variations]"
Change component parameters (AddParameter): Name = "Flammability Rating"; Value = "UL94 V-2"; VariantName = "[No Variations]"
Change component parameters (AddParameter): Name = "Height"; Value = "13.1mm"; VariantName = "[No Variations]"
Change component parameters (AddParameter): Name = "Housing Colour"; Value = "Green"; VariantName = "[No Variations]"
Change component parameters (AddParameter): Name = "Housing Material"; Value = "Polyamide"; VariantName = "[No Variations]"
Change component parameters (AddParameter): Name = "Insulation Material"; Value = "Nylon"; VariantName = "[No Variations]"
Change component parameters (AddParameter): Name = "Lead Free"; Value = "Lead Free"; VariantName = "[No Variations]"
Change component parameters (AddParameter): Name = "Length"; Value = "12mm"; VariantName = "[No Variations]"
Change component parameters (AddParameter): Name = "Manufacturer"; Value = "Phoenix Contact"; VariantName = "[No Variations]"
Change component parameters (AddParameter): Name = "Manufacturer Part Number"; Value = "1985205"; VariantName = "[No Variations]"
Change component parameters (AddParameter): Name = "Material"; Value = "Nylon"; VariantName = "[No Variations]"
Change component parameters (AddParameter): Name = "Max Current Rating"; Value = "2A"; VariantName = "[No Variations]"
Change component parameters (AddParameter): Name = "Max Supply Voltage"; Value = "250V"; VariantName = "[No Variations]"
Change component parameters (AddParameter): Name = "Mount"; Value = "Through Hole"; VariantName = "[No Variations]"
Change component parameters (AddParameter): Name = "Number of Circuits"; Value = "3"; VariantName = "[No Variations]"
Change component parameters (AddParameter): Name = "Number of Contacts"; Value = "3"; VariantName = "[No Variations]"
Change component parameters (AddParameter): Name = "Number of Levels"; Value = "1"; VariantName = "[No Variations]"
Change component parameters (AddParameter): Name = "Number of Pins"; Value = "3"; VariantName = "[No Variations]"
Change component parameters (AddParameter): Name = "Number of Poles"; Value = "3"; VariantName = "[No Variations]"
Change component parameters (AddParameter): Name = "Number of Positions"; Value = "3"; VariantName = "[No Variations]"
Change component parameters (AddParameter): Name = "Number of Positions Per Level"; Value = "3"; VariantName = "[No Variations]"
Change component parameters (AddParameter): Name = "Number of Rows"; Value = "1"; VariantName = "[No Variations]"
Change component parameters (AddParameter): Name = "Package Quantity"; Value = "250"; VariantName = "[No Variations]"
Change component parameters (AddParameter): Name = "Packaging"; Value = "Bulk"; VariantName = "[No Variations]"
Change component parameters (AddParameter): Name = "Pitch"; Value = "3.5mm"; VariantName = "[No Variations]"
Change component parameters (AddParameter): Name = "Pricing 1"; Value = "1=0.41, 10=0.391, 50=0.374, 100=0.3638, 250=0.34, 500=0.3128, 1000=0.289 (USD)"; VariantName = "[No Variations]"
Change component parameters (AddParameter): Name = "Radiation Hardening"; Value = "No"; VariantName = "[No Variations]"
Change component parameters (AddParameter): Name = "Stock 1"; Value = "12841"; VariantName = "[No Variations]"
Change component parameters (AddParameter): Name = "Stripping Length"; Value = "8mm"; VariantName = "[No Variations]"
Change component parameters (AddParameter): Name = "Supplier 1"; Value = "Digi-Key"; VariantName = "[No Variations]"
Change component parameters (AddParameter): Name = "Supplier Part Number 1"; Value = "277-1623-ND"; VariantName = "[No Variations]"
Change component parameters (AddParameter): Name = "Termination"; Value = "Solder"; VariantName = "[No Variations]"
Change component parameters (AddParameter): Name = "Voltage"; Value = "300V"; VariantName = "[No Variations]"
Change component parameters (AddParameter): Name = "Voltage Rating"; Value = "250V"; VariantName = "[No Variations]"
Change component parameters (AddParameter): Name = "Weight"; Value = "0.054322oz"; VariantName = "[No Variations]"
Change component parameters (AddParameter): Name = "Width"; Value = "16.7mm"; VariantName = "[No Variations]"
Change component parameters (AddParameter): Name = "Wire/Cable Gauge"; Value = "16AWG"; VariantName = "[No Variations]"
Change component parameters (AddParameter): Name = "Wire Gauge (Max)"; Value = "24AWG"; VariantName = "[No Variations]"
Change component parameters (AddParameter): Name = "Wire Gauge (Min)"; Value = "16AWG"; VariantName = "[No Variations]"
Added Pin To Net: NetName=+3V3 Pin=U2-13
Change Net Name : Old Net Name=NetJ12_1 New Net Name=VBat
Added Pin To Net: NetName=CS1 Pin=U1-23
Added Pin To Net: NetName=CS1 Pin=U2-5
Added Net: Name=CS1
Added Pin To Net: NetName=D2 Pin=U1-4
Added Pin To Net: NetName=D2 Pin=U2-6
Added Net: Name=D2
Added Pin To Net: NetName=D3 Pin=U1-5
Added Pin To Net: NetName=D3 Pin=U2-7
Added Net: Name=D3
Added Pin To Net: NetName=D4 Pin=U1-6
Added Pin To Net: NetName=D4 Pin=U2-16
Added Net: Name=D4
Added Pin To Net: NetName=D5 Pin=U1-7
Added Pin To Net: NetName=D5 Pin=U2-15
Added Net: Name=D5
Added Pin To Net: NetName=D6 Pin=U1-8
Added Pin To Net: NetName=D6 Pin=U2-14
Added Net: Name=D6
Added Pin To Net: NetName=MISO1 Pin=U1-3
Added Pin To Net: NetName=MISO1 Pin=U2-2
Added Net: Name=MISO1
Added Pin To Net: NetName=MOSI1 Pin=U1-2
Added Pin To Net: NetName=MOSI1 Pin=U2-3
Added Net: Name=MOSI1
Added Pin To Net: NetName=SCK1 Pin=U1-24
Added Pin To Net: NetName=SCK1 Pin=U2-4
Added Net: Name=SCK1
Added Room: Name=NodeBoard
