Removed Pin From Net: NetName=GND Pin=J1-3
Removed Pin From Net: NetName=GND Pin=J2-3
Removed Pin From Net: NetName=GND Pin=J3-3
Removed Pin From Net: NetName=GND Pin=J4-3
Removed Pin From Net: NetName=GND Pin=J5-3
Removed Pin From Net: NetName=GND Pin=J6-3
Removed Pin From Net: NetName=D2 Pin=J7-2
Removed Pin From Net: NetName=GND Pin=J7-3
Removed Pin From Net: NetName=D3 Pin=J8-2
Removed Pin From Net: NetName=GND Pin=J8-3
Removed Pin From Net: NetName=D4 Pin=J9-2
Removed Pin From Net: NetName=GND Pin=J9-3
Removed Pin From Net: NetName=D26 Pin=J10-2
Removed Pin From Net: NetName=GND Pin=J10-3
Removed Pin From Net: NetName=TX5 Pin=J20-2
Removed Pin From Net: NetName=TX5 Pin=U1-25
Change Component Footprint: Designator=J1 Old Footprint=Terminal block 3 position New Footprint=Audio Jack and Terminal
Added Pin To Net: NetName=GND Pin=J1-1
Added Pin To Net: NetName=GND Pin=J1-1
Added Pin To Net: NetName=GND Pin=J2-1
Added Pin To Net: NetName=GND Pin=J3-1
Added Pin To Net: NetName=GND Pin=J4-1
Added Pin To Net: NetName=GND Pin=J5-1
Added Pin To Net: NetName=GND Pin=J6-1
Added Pin To Net: NetName=GND Pin=J7-1
Added Pin To Net: NetName=TX5 Pin=J7-2
Added Pin To Net: NetName=D2 Pin=J7-3
Added Pin To Net: NetName=GND Pin=J8-1
Added Pin To Net: NetName=TX5 Pin=J8-2
Added Pin To Net: NetName=D3 Pin=J8-3
Added Pin To Net: NetName=GND Pin=J9-1
Added Pin To Net: NetName=TX5 Pin=J9-2
Added Pin To Net: NetName=D4 Pin=J9-3
Added Pin To Net: NetName=GND Pin=J10-1
Added Pin To Net: NetName=TX5 Pin=J10-2
Added Pin To Net: NetName=D26 Pin=J10-3
Added Pin To Net: NetName=TX5 Pin=J20-1
Added Pin To Net: NetName=TX5 Pin=J21-1
Added Pin To Net: NetName=TX5 Pin=J22-1
Added Pin To Net: NetName=TX5 Pin=U1-46
Added Pin To Net: NetName=TX5 Pin=U2-13
Change Net Name : Old Net Name=TX5 New Net Name=+3V3
Added Pin To Net: NetName=TX5 Pin=J1-3
Added Pin To Net: NetName=TX5 Pin=J1-3
Added Pin To Net: NetName=TX5 Pin=J2-3
Added Pin To Net: NetName=TX5 Pin=J3-3
Added Pin To Net: NetName=TX5 Pin=J4-3
Added Pin To Net: NetName=TX5 Pin=J5-3
Added Pin To Net: NetName=TX5 Pin=J6-3
Added Pin To Net: NetName=TX5 Pin=J20-2
Added Pin To Net: NetName=TX5 Pin=U1-25
Added Net: Name=TX5
Added Room: Name=NodeBoard
